         w __deregister_frame_info
         w __register_frame_info
         w userAppExit
         w userAppInit
00000000 00000401 B __ctru_dev_path_buf
00000000 b _TLS_MODULE_BASE_
00000000 a shift
00000000 a shift
00000404 00000802 B __ctru_dev_utf16_buf
00100000 A __start__
00100000 T _start
00100008 T __service_ptr
0010000c T __apt_appid
00100010 T __heap_size
00100014 T __linear_heap_size
00100018 T __system_arglist
0010001c T __system_runflags
00100020 t startup
00100058 t ClearMem
0010006c t ClrLoop
00100094 T _init
001000ac T __aeabi_idiv
001000ac 00000220 T __divsi3
001000b4 t .divsi3_skip_div0_test
001002cc 00000020 T __aeabi_idivmod
001002ec 00000004 W __aeabi_idiv0
001002ec 00000004 W __aeabi_ldiv0
001002f0 T __aeabi_ldivmod
001003c4 T __aeabi_uldivmod
00100408 00000390 T strcmp
00100790 t .udivsi3_skip_div0_test
00100790 T __aeabi_uidiv
00100790 000001ec T __udivsi3
0010097c 00000020 T __aeabi_uidivmod
0010099c T __aeabi_drsub
001009a4 000002b0 T __aeabi_dsub
001009a4 000002b0 T __subdf3
001009a8 000002ac T __adddf3
001009a8 000002ac T __aeabi_dadd
00100c54 00000024 T __aeabi_ui2d
00100c54 00000024 T __floatunsidf
00100c78 00000028 T __aeabi_i2d
00100c78 00000028 T __floatsidf
00100ca0 00000048 T __aeabi_f2d
00100ca0 00000048 T __extendsfdf2
00100ce8 00000074 T __aeabi_ul2d
00100ce8 00000074 T __floatundidf
00100cfc 00000060 T __aeabi_l2d
00100cfc 00000060 T __floatdidf
00100d5c t __do_global_dtors_aux
00100d9c t frame_dummy
00100dc8 00000148 T main
00100f10 00000024 t addrMapNodeComparator(rbtree_node const*, rbtree_node const*)
00100f34 00000004 t addrMapNodeDestructor(rbtree_node*)
00100f38 00000120 T linearMemAlign
00101058 00000008 T linearAlloc
00101060 0000005c T linearFree
001010bc 00000084 T MemPool::CoalesceRight(MemBlock*)
00101140 00000170 T MemPool::Allocate(MemChunk&, unsigned long, int)
001012b0 000000fc T MemPool::Deallocate(MemChunk const&)
001013ac 00000018 T consoleSelect
001013c4 00000178 T consoleDrawChar
0010153c 00000124 T consolePrintChar
00101660 00000a00 T con_write
00102060 00000168 T consoleInit
001021c8 000000f4 t newRow
001022bc 000000d0 t gfxPresentFramebuffer
0010238c 0000001c T gfxIsWide
001023a8 000000ec T gfxSetScreenFormat
00102494 00000010 T gfxSetDoubleBuffering
001024a4 00000108 T gfxInit
001025ac 00000010 T gfxInitDefault
001025bc 000000b4 T gfxExit
00102670 000000a0 T gfxGetFramebuffer
00102710 0000010c T gfxFlushBuffers
0010281c 00000050 T gfxSwapBuffers
0010286c 00000050 T gfxSwapBuffersGpu
001028bc 00000158 t ndspUpdateMaster
00102a18 00000110 t ndspFinalize
00102b28 00000318 t ndspThreadMain
00102e40 0000024c t ndspInitialize.part.0
0010308c 000000fc t ndspHookCallback
00103188 000003dc T ndspInit
00103564 000000cc T ndspExit
00103630 00000034 T ndspSetOutputMode
00103664 000000c8 T ndspChnReset
0010372c 00000018 T ndspChnSetFormat
00103744 00000050 T ndspChnSetInterp
00103794 00000064 T ndspChnSetRate
001037f8 00000088 T ndspChnSetMix
00103880 000000b8 T ndspChnWaveBufAdd
00103938 00000040 T ndspiInitChn
00103978 0000002c T ndspiDirtyChn
001039a4 00000480 T ndspiUpdateChn
00103e24 00000180 T ndspiReadChnState
00103fa4 000000a4 T cfguInit
00104048 0000003c T cfguExit
00104084 0000004c T CFGU_GetConfigInfoBlk2
001040d0 000000a4 t DSP_LoadComponent.part.0
00104174 000000dc T dspInit
00104250 00000078 T dspExit
001042c8 00000024 T dspHook
001042ec 00000030 T dspUnhook
0010431c 000000ac T aptDspSleep
001043c8 000000b4 T aptDspWakeup
0010447c 00000044 T aptDspCancel
001044c0 00000034 T DSP_SetSemaphore
001044f4 00000034 T DSP_SetSemaphoreMask
00104528 00000038 T DSP_GetSemaphoreHandle
00104560 0000003c T DSP_LoadComponent
0010459c 00000044 T DSP_RegisterInterruptEvents
001045e0 00000074 T DSP_ReadPipeIfPossible
00104654 0000004c T DSP_WriteProcessPipe
001046a0 00000040 T DSP_ConvertProcessAddressFromDspDram
001046e0 00000040 T DSP_RecvData
00104720 0000004c T DSP_RecvDataIsReady
0010476c 00000c58 t gspHardwareInit
001053c4 00000254 T gspInit
00105618 000000f0 T gspExit
00105708 00000010 T gspHasGpuRight
00105718 00000098 T gspPresentBuffer
001057b0 00000050 T gspWaitForEvent
00105800 00000004 W gxCmdQueueInterrupt
00105804 00000160 t gspEventThreadMain
00105964 00000050 T GSPGPU_FlushDataCache
001059b4 00000034 T GSPGPU_SetLcdForceBlack
001059e8 00000068 T GSPGPU_AcquireRight
00105a50 00000048 T GSPGPU_ReleaseRight
00105a98 0000007c T GSPGPU_ImportDisplayCaptureInfo
00105b14 0000002c T GSPGPU_SaveVramSysArea
00105b40 0000002c T GSPGPU_RestoreVramSysArea
00105b6c 000001b0 t aptConvertScreenForCapture
00105d1c 0000015c T aptSendCommand
00105e78 00000038 t aptExitProcess
00105eb0 000002f0 T aptExit
001061a0 000000d8 T aptHandleSleep
00106278 00000084 T APT_SleepIfShellClosed
001062fc 00000084 T aptSetSleepAllowed
00106380 00000084 T APT_UnlockTransition
00106408 00000484 t aptEventHandler
0010688c 000000b0 T APT_ReceiveParameter
0010693c 000000b0 t aptReceiveParameter.constprop.0
001069f0 000002bc t aptScreenTransfer
00106cac 000002d0 t aptWaitForWakeUp.isra.0
00106f7c 000000f8 T aptJumpToHomeMenu
00107074 0000004c T aptMainLoop
001070c0 00000234 T aptInit
001072f4 0000007c T APT_CheckNew3DS
00107370 00000024 W hidShouldUseIrrst
00107394 0000018c T hidInit
00107520 000000e8 T hidExit
00107608 00000294 T hidScanInput
0010789c 00000010 T hidKeysDown
001078ac 000000c8 T fsInit
00107974 0000003c T fsExit
001079b0 00000060 T fsExemptFromSession
00107a10 00000050 T fsUnexemptFromSession
00107a60 000000cc T FSUSER_OpenFile
00107b2c 000000d4 T FSUSER_OpenFileDirectly
00107c00 000000bc T FSUSER_DeleteFile
00107cbc 000000f8 T FSUSER_RenameFile
00107db4 000000bc T FSUSER_DeleteDirectory
00107e70 000000d4 T FSUSER_CreateFile
00107f44 000000c4 T FSUSER_CreateDirectory
00108008 000000f8 T FSUSER_RenameDirectory
00108100 000000b4 T FSUSER_OpenDirectory
001081b4 00000094 T FSUSER_OpenArchive
00108248 0000008c T FSUSER_CloseArchive
001082d4 00000074 T FSUSER_GetSdmcArchiveResource
00108348 00000064 T FSUSER_IsSdmcWritable
001083ac 00000058 T FSFILE_Read
00108404 00000060 T FSFILE_Write
00108464 00000038 T FSFILE_GetSize
0010849c 00000028 T FSFILE_SetSize
001084c4 0000003c T FSFILE_Close
00108500 00000024 T FSFILE_Flush
00108524 00000050 T FSDIR_Read
00108574 0000003c T FSDIR_Close
001085b0 00000010 T rbtree_init
001085c0 000001a0 t do_insert
00108760 00000008 T rbtree_insert
00108768 00000090 T rbtree_rotate
001087f8 00000338 T rbtree_remove
00108b30 00000074 T rbtree_find
00108ba8 000001e0 W __system_allocateHeaps
00108d88 00000038 W __libctru_init
00108dc0 000000f0 W __system_initArgv
00108eb0 T svcControlMemory
00108ed0 T svcQueryMemory
00108f00 T svcExitProcess
00108f08 T svcCreateThread
00108f28 T svcExitThread
00108f30 T svcSleepThread
00108f38 T svcReleaseMutex
00108f40 T svcCreateEvent
00108f54 T svcSignalEvent
00108f5c T svcClearEvent
00108f64 T svcMapMemoryBlock
00108f6c T svcUnmapMemoryBlock
00108f74 T svcCreateAddressArbiter
00108f88 T svcArbitrateAddressNoTimeout
00108f90 T svcCloseHandle
00108f98 T svcWaitSynchronization
00108fa0 T svcWaitSynchronizationN
00108fc8 T svcDuplicateHandle
00108fdc T svcGetSystemTick
00108fe4 T svcConnectToPort
00108ff8 T svcSendSyncRequest
00109000 T svcGetResourceLimit
00109014 T svcGetResourceLimitLimitValues
0010901c T svcGetResourceLimitCurrentValues
00109024 T svcBreak
0010902c W initSystem
0010907c W __ctru_exit
00109094 00000024 t addrMapNodeComparator(rbtree_node const*, rbtree_node const*)
001090b8 00000004 t addrMapNodeDestructor(rbtree_node*)
001090bc 00000114 T vramMemAlign
001091d0 00000008 T vramAlloc
001091d8 0000005c T vramFree
00109234 0000000c T __sync_init
00109240 00000018 T __sync_fini
00109258 0000002c T syncArbitrateAddress
00109284 0000001c T LightLock_Init
001092a0 00000094 T LightLock_Lock
00109334 00000044 T LightLock_TryLock
00109378 00000040 T LightLock_Unlock
001093b8 00000024 T RecursiveLock_Init
001093dc 00000030 T RecursiveLock_Lock
0010940c 00000078 T RecursiveLock_TryLock
00109484 00000054 T RecursiveLock_Unlock
001094d8 00000040 T LightEvent_Init
00109518 000000a4 T LightEvent_Clear
001095bc 000000c8 T LightEvent_Signal
00109684 00000058 T LightEvent_TryWait
001096dc 000000b0 T LightEvent_Wait
0010978c 00000084 W envGetHandle
00109810 00000050 W envDestroyHandles
00109860 00000074 T osConvertVirtToPhys
001098d4 00000054 T osGetTimeRef
00109928 000000e4 T osGetTime
00109a0c 00000074 T __libctru_gtod
00109a80 00000034 T __ctru_speedup_config
00109ab4 00000124 T srvInit
00109bd8 00000058 T srvExit
00109c30 00000080 T srvGetServiceHandleDirect
00109cb0 00000048 T srvGetServiceHandle
00109cf8 00000038 T srvPublishToSubscriber
00109d30 00000188 T threadCreate
00109eb8 0000002c T threadFree
00109ee4 00000024 T threadJoin
00109f08 00000030 T threadGetCurrent
00109f38 00000040 T threadExit
00109f78 00000044 t _thread_begin
00109fbc 00000094 t mappableFindAddressWithin
0010a050 00000028 T mappableInit
0010a078 00000080 T mappableAlloc
0010a0f8 00000004 T mappableFree
0010a0fc 00000160 T irrstInit
0010a25c 000000cc T irrstExit
0010a328 000000b0 T irrstScanInput
0010a3d8 00000024 T irrstKeysHeld
0010a3fc 0000000c T srvPmGetSessionHandle
0010a408 00000074 T ptmSysmInit
0010a47c 0000003c T ptmSysmExit
0010a4b8 00000034 T PTMSYSM_ConfigureNew3DSCPU
0010a4ec 00000050 T rbtree_node_next
0010a53c 00000030 W __appInit
0010a56c 00000030 t __libctru_nanosleep
0010a59c 00000030 t __libctru_get_reent
0010a5cc 000000f8 T __system_initSyscalls
0010a6c4 00000030 W __appExit
0010a6f4 00000090 W __libctru_exit
0010a784 00000014 t archive_link
0010a798 00000014 t archive_dirreset
0010a7ac 00000014 t archive_chmod
0010a7c0 00000024 t error_cmp
0010a7e4 00000050 t archive_translate_error
0010a834 000000d4 t archive_seek
0010a908 0000007c t _archiveInit.part.0
0010a984 0000008c t archiveFindDevice.part.0
0010aa10 00000294 t archive_utf16path
0010aca4 000000a0 t _archiveUnmountDeviceStruct.part.0
0010ad44 00000014 t archive_fchmod
0010ad58 00000014 t archive_statvfs
0010ad6c 00000158 t _archiveMountDevice
0010aec4 000000e8 t archive_diropen
0010afac 000000a4 t archive_fstat
0010b050 0000006c t archive_close
0010b0bc 0000006c t archive_fsync
0010b128 00000070 t archive_dirclose
0010b198 000000e8 t sdmc_statvfs
0010b280 00000080 t archive_ftruncate
0010b300 000000fc t archive_chdir
0010b3fc 000000b0 t archive_read
0010b4ac 000000ac t archive_unlink
0010b558 000000c8 t archive_rmdir
0010b620 000000ec t archive_mkdir
0010b70c 000001a8 t archive_stat
0010b8b4 00000184 t archive_rename
0010ba38 00000168 t archive_dirnext
0010bba0 0000012c t archive_write
0010bccc 000001f0 t archive_open
0010bebc 000001a4 T archiveMountSdmc
0010c060 00000054 T archiveUnmountAll
0010c0b4 000000e8 T utf16_to_utf8
0010c19c 00000064 T decode_utf16
0010c200 0000013c T decode_utf8
0010c33c 000000c0 T utf8_to_utf16
0010c3fc T __aeabi_read_tp
0010c408 00000060 T encode_utf16
0010c468 000000fc T encode_utf8
0010c564 00000120 T __udivmoddi4
0010c684 00000078 T bsearch
0010c6fc 0000000c T __errno
0010c708 00000034 T exit
0010c73c 0000003c T __libc_fini_array
0010c778 0000007c T __libc_init_array
0010c7f4 00000028 T memalign
0010c81c 00000148 T _memalign_r
0010c964 00000020 T malloc
0010c984 00000020 T free
0010c9a4 000007f0 T _malloc_r
0010d194 000000e0 T memchr
0010d274 0000011c T memcpy
0010d390 00000118 T memset
0010d4a8 0000000c T __malloc_lock
0010d4b4 0000000c T __malloc_unlock
0010d4c0 000000e0 T _puts_r
0010d5a0 00000020 T puts
0010d5c0 00000260 T setvbuf
0010d820 00000074 T sscanf
0010d894 00000044 T __sread
0010d8d8 00000008 T __seofread
0010d8e0 00000068 T __swrite
0010d948 00000048 T __sseek
0010d990 00000008 T __sclose
0010d998 0000005c T strlen
0010d9f4 000000ec T strncat
0010dae0 000000dc T strncmp
0010dbbc 000000c0 T strncpy
0010dc7c 00000048 T strnlen
0010dcc4 00000050 t get_arg
0010dd14 00002b68 T __ssvfscanf_r
0011087c 0000064c t get_arg
00110ec8 00000034 T __sprint_r
00110efc 00002584 T _vfiprintf_r
00113480 000000d4 t __sbprintf
00113554 00000054 T _wcrtomb_r
001135a8 00000028 T _wcsrtombs_r
001135d0 00000154 T __swsetup_r
00113724 00000114 T __call_exitprocs
00113838 00000258 T __sflush_r
00113a90 00000094 T _fflush_r
00113b24 0000000c T _cleanup_r
00113b30 00000184 T __sinit
00113cb4 0000000c T __sfp_lock_acquire
00113cc0 0000000c T __sfp_lock_release
00113ccc 000000f8 T _malloc_trim_r
00113dc4 000002e4 T _free_r
001140a8 000004a4 T __sfvwrite_r
0011454c 00000070 T _fwalk_reent
001145bc 00000008 T iswspace
001145c4 0000000c T _localeconv_r
001145d0 00000010 T __locale_mb_cur_max
001145e0 00000138 T __smakebuf_r
00114718 00000094 T __swhatbuf_r
001147ac 00000068 T _mbrtowc_r
00114814 000002fc T __utf8_mbtowc
00114b10 00000154 T memmove
00114c64 00000028 T realloc
00114c8c 00000598 T _realloc_r
00115224 000000e4 T __sccl
00115308 0000000c T nanf
00115314 00000064 T sprintf
00115378 000000b8 T stpncpy
00115430 00000144 T strchr
00115578 0000130c T _strtod_l
00116884 0000000c T _strtod_r
00116890 0000022c t _strtoll_l.constprop.0
00116abc 00000004 T _strtoll_r
00116ac0 000001b0 t _strtol_l.part.0
00116c70 0000003c T _strtol_r
00116cac 00000244 t _strtoull_l.constprop.0
00116ef0 00000004 T _strtoull_r
00116ef4 000001c8 t _strtoul_l.constprop.0
001170bc 00000004 T _strtoul_r
001170c0 00000188 T __ssprint_r
00117248 000000e0 T _sungetc_r
00117328 0000006c T __ssrefill_r
00117394 000000c8 T _sfread_r
0011745c 0000064c t get_arg
00117aa8 00003808 T _svfprintf_r
0011b2b0 000000a8 T __submore
0011b358 00000190 T _wcsnrtombs_l
0011b4e8 0000004c T _wcsnrtombs_r
0011b534 000000f0 T __utf8_wctomb
0011b624 000001a8 t quorem
0011b7d0 000012ec T _dtoa_r
0011cabc 00000160 T _fclose_r
0011cc1c 000000ec t rshift
0011cd08 00000928 T __gethex
0011d630 0000004c T __match
0011d67c 0000029c T __hexnan
0011d918 0000003c T iswspace_l
0011d954 000001d4 t __jp2uc
0011db28 0000009c T _jp2uc_l
0011dbc4 00000088 T _Balloc
0011dc4c 0000001c T _Bfree
0011dc68 000000f4 T __multadd
0011dd5c 00000110 T __s2b
0011de6c 00000058 T __hi0bits
0011dec4 0000009c T __lo0bits
0011df60 000000a4 T __i2b
0011e004 00000204 T __multiply
0011e208 00000120 T __pow5mult
0011e328 0000013c T __lshift
0011e464 00000058 T __mcmp
0011e4bc 000001cc T __mdiff
0011e688 00000088 T __ulp
0011e710 000000d4 T __b2d
0011e7e4 0000012c T __d2b
0011e910 00000078 T __ratio
0011e988 00000088 T __copybits
0011ea10 0000005c T __any_on
0011ea70 000000a8 T frexp
0011eb18 00000010 T nan
0011eb28 0000005c T __assert_func
0011eb84 00000094 T _calloc_r
0011ec18 00000084 T category
0011ec9c 0000003c T fiprintf
0011ecd8 00000014 T abort
0011ecec 00000098 T _raise_r
0011ed84 00000020 T raise
0011eda4 00000008 t null_write
0011edac 00000018 T setDefaultDevice
0011edc4 000000c8 T FindDevice
0011ee8c 00000028 T RemoveDevice
0011eeb4 0000009c T AddDevice
0011ef50 00000020 T GetDeviceOpTab
0011ef70 00000078 T _fstat_r
0011efe8 00000014 T _getpid_r
0011effc 00000008 T _isatty_r
0011f004 00000014 T _kill_r
0011f018 00000084 T _lseek_r
0011f09c 00000080 T _read_r
0011f11c 00000078 T _sbrk_r
0011f194 00000080 T _write_r
0011f214 00000024 T _exit
0011f238 000001b8 T _concatenate_path
0011f3f0 00000160 T chdir
0011f550 00000008 T __flockfile
0011f558 00000008 T __funlockfile
0011f560 00000018 T __libc_lock_acquire
0011f578 00000018 T __libc_lock_release
0011f590 00000018 T __libc_lock_init_recursive
0011f5a8 00000018 T __libc_lock_acquire_recursive
0011f5c0 00000018 T __libc_lock_release_recursive
0011f5d8 00000018 T __libc_lock_close_recursive
0011f5f0 0000003c T __get_handle
0011f62c 000000f4 T _close_r
0011f720 00000028 T __getreent
0011f748 00000038 T __aeabi_d2lz
0011f748 00000038 T __fixdfdi
0011f780 00000040 T __aeabi_d2ulz
0011f780 00000040 T __fixunsdfdi
0011f7c0 00000044 T strrchr
0011f804 T _fini
001220a0 00000030 r colorTable
001220d0 00000070 r dotab_stdout
00122148 00000011 r dsp_filename.0
001221a4 00000008 r morton_x.3
001221ac 00000008 r morton_y.2
001221b4 00000008 r s_sleepWakeEvents.4
001221dc R default_font_bin
001229dc R default_font_bin_end
00122a14 00000070 r archive_devoptab
00122a84 00000030 r error_table
00122ab4 00000004 R _global_impure_ptr
00122ac0 00000022 r basefix.0
00122b0c 00000010 r blanks.1
00122b1c 00000010 r zeroes.0
00122b2c 00000101 R _ctype_
00122c88 00000014 r fpi.1
00122c9c 00000014 r fpinan.0
00122cb0 00000028 r tinytens
00122cd8 0000006c R __action_table
00122d44 00000100 R __chclass
00122e44 0000006c R __state_table
00122ec4 00000010 r blanks.1
00122ed4 00000010 r zeroes.0
00122ef4 r .LC2
00122f94 00000100 R __hexdig
001230a8 000000bc r a1
00123164 000000bc r a2
00123220 0000005b r a3
0012327c 00000070 r a6
001232ec 000000a2 r a7
00123390 00000040 r a8
001233d0 0000172a r b02cf
00124afc 00001a7c r d02f4
00126578 0000000c R _C_numeric_locale
001265c8 00000028 R __mprec_bigtens
001265f0 000000c8 R __mprec_tens
001266b8 0000000c r p05.0
00126704 000031e6 r categories
001298ec 00000070 R dotab_stdnull
0012995c r 
0012995c R __exidx_end
0012995c R __exidx_start
0012a000 00000004 D currentConsole
0012a004 0000004c D defaultConsole
0012a050 00000001 d firstConsoleInit.0
0012a054 00000004 d kCount
0012a058 00000004 d kDelay
0012a05c 00000004 d kInterval
0012a060 W __stacksize__
0012a064 00000004 D _impure_ptr
0012a068 00000460 d impure_data
0012a4c8 00000408 D __malloc_av_
0012a8d0 00000004 D __malloc_sbrk_base
0012a8d4 00000004 D __malloc_trim_threshold
0012a8d8 0000000c d __malloc_recursive_mutex
0012a8e4 0000000c D __atexit_recursive_mutex
0012a8f0 0000000c d __sfp_recursive_mutex
0012a8fc 0000000c d __sinit_recursive_mutex
0012a908 0000016c D __global_locale
0012aa74 00000002 d numempty
0012aa78 00000004 d defaultDevice
0012aa7c 0000008c D devoptab_list
0012ab08 00000400 d _current_working_directory
0012af08 00000004 d __hndl_lock
0012af0c 0000000c d __stderr_handle
0012af18 0000000c d __stdin_handle
0012af24 0000000c d __stdout_handle
0012af30 00001000 d handles
0012bf38 d _GLOBAL_OFFSET_TABLE_
0012bf44 d __frame_dummy_init_array_entry
0012bf44 D __init_array_start
0012bf44 B __preinit_array_end
0012bf44 B __preinit_array_start
0012bf44 D __tdata_lma
0012bf44 D __tdata_lma_end
0012bf48 d __do_global_dtors_aux_fini_array_entry
0012bf48 D __fini_array_start
0012bf48 D __init_array_end
0012bf4c D __bss_start__
0012bf4c D __fini_array_end
0012bf4c b completed.1
0012bf50 b object.0
0012bf68 00000008 b sLinearPool
0012bf70 0000000c b sAddrMap
0012bf7c 0000004c B currentCopy
0012bfc8 00000004 b gfxBottomFramebufferMaxSize
0012bfcc 00000008 b gfxBottomFramebuffers
0012bfd4 00000002 b gfxCurBuf
0012bfd8 00000002 b gfxFramebufferFormats
0012bfdc 00000002 b gfxIsDoubleBuf
0012bfde 00000001 b gfxIsVram
0012bfe0 00000004 b gfxTopFramebufferMaxSize
0012bfe4 00000008 b gfxTopFramebuffers
0012bfec 00000001 b gfxTopMode
0012bff0 00000004 b screenAlloc
0012bff4 00000004 b screenFree
0012bff8 00000001 b bCancelReceived
0012bff9 00000001 b bDspReady
0012bffa 00000001 b bEnteringSleep
0012bffb 00000001 b bSleeping
0012bffc 00000004 b componentBin
0012c000 00000002 b componentDataMask
0012c002 00000001 b componentFree
0012c004 00000002 b componentProgMask
0012c008 00000004 b componentSize
0012c00c 00000004 b droppedFrames
0012c010 00000004 b dspSem
0012c014 00001080 b dspVar5Backup
0012d094 00000004 b frameCount
0012d098 00000004 b irqEvent
0012d09c 00000002 B ndspBufferCurId
0012d09e 00000002 B ndspBufferId
0012d0a0 00000002 B ndspFrameId
0012d0a4 00000008 b ndspHookCookie
0012d0ac 00000048 b ndspMaster
0012d0f4 00000004 b ndspMutex
0012d0f8 00000004 b ndspRefCount
0012d0fc 00000004 b ndspThread
0012d100 00000001 b ndspThreadRun
0012d104 00000080 B ndspVars
0012d184 00000008 b sleepEvent
0012d18c 00000c60 b ndspChn
0012ddec 00000004 b cfguHandle
0012ddf0 00000004 b cfguRefCount
0012ddf4 00000001 b dspComponentLoaded
0012ddf8 00000008 b dspFirstHook
0012de00 00000004 b dspHandle
0012de04 00000004 b dspRefCount
0012de08 00000004 b dspSavedCompBin
0012de0c 00000002 b dspSavedCompDataMask
0012de0e 00000002 b dspSavedCompProgMask
0012de10 00000004 b dspSavedCompSize
0012de14 00000001 b dspSleeping
0012de18 00000004 b gspEvent
0012de1c 0000001c b gspEventCb
0012de38 0000001c b gspEventCbData
0012de54 00000007 b gspEventCbOneShot
0012de5c 00000004 b gspEventThread
0012de60 00000038 b gspEvents
0012de98 00000004 b gspGpuHandle
0012de9c 00000001 b gspGpuRight
0012dea0 00000004 b gspLastEvent
0012dea4 00000004 b gspRefCount
0012dea8 00000001 b gspRunEvents
0012deac 00000004 b gspSharedMem
0012deb0 00000004 b gspSharedMemHandle
0012deb4 00000001 b gspThreadId
0012deb5 00000001 b aptChainloadFlags
0012deb6 00000001 b aptChainloadMediatype
0012deb8 00000008 b aptChainloadTid
0012dec0 00000004 b aptEventHandlerThread
0012dec4 00000001 b aptEventHandlerThreadQuit
0012dec8 00000008 b aptEvents
0012ded0 0000000c b aptFirstHook
0012dedc 00000004 b aptFlags
0012dee0 00000001 b aptHomeButtonState
0012dee4 00000004 b aptLockHandle
0012dee8 00000004 b aptMessageFunc
0012deec 00000004 b aptMessageFuncData
0012def0 00001000 b aptParameters
0012eef0 00000008 b aptReceiveEvent
0012eef8 00000004 b aptRefCount
0012eefc 00000008 b aptSleepEvent
0012ef04 00000001 b flagInit.1
0012ef05 00000001 b flagValue.0
0012ef08 00000004 b serviceName.6
0012ef0c 00000006 b aVec
0012ef14 00000004 b cPos
0012ef18 00000006 b gRate
0012ef20 00000014 B hidEvents
0012ef34 00000004 B hidHandle
0012ef38 00000004 B hidMemHandle
0012ef3c 00000004 b hidRefCount
0012ef40 00000004 B hidSharedMem
0012ef44 00000004 b kDown
0012ef48 00000004 b kHeld
0012ef4c 00000004 b kOld
0012ef50 00000004 b kRepeat
0012ef54 00000004 b kUp
0012ef58 00000004 b tPos
0012ef5c 00000001 b usingIrrst
0012ef60 00000080 b fsExemptArchives
0012efe0 00000004 b fsuHandle
0012efe4 00000004 b fsuRefCount
0012efe8 00000004 B __ctru_heap
0012efec 00000004 V __ctru_heap_size
0012eff0 00000004 B __ctru_linear_heap
0012eff4 00000004 V __ctru_linear_heap_size
0012eff8 00000004 B __system_retAddr
0012effc 00000004 B __system_argc
0012f000 00000004 B __system_argv
0012f004 b saved_stack
0012f00c 0000000c b sAddrMap
0012f018 00000008 b sVramPool
0012f020 00000004 b arbiter
0012f024 00000001 V __ctru_speedup
0012f028 00000004 b srvHandle
0012f02c 00000004 b srvRefCount
0012f030 00000004 b currentAddr
0012f034 00000004 b maxAddr
0012f038 00000004 b minAddr
0012f03c 00000004 b csPos
0012f040 00000004 B irrstEvent
0012f044 00000004 B irrstHandle
0012f048 00000004 B irrstMemHandle
0012f04c 00000004 b irrstRefCount
0012f050 00000004 B irrstSharedMem
0012f054 00000004 b kHeld
0012f058 00000004 b srvPmHandle
0012f05c 00000004 b ptmSysmHandle
0012f060 00000004 b ptmSysmRefCount
0012f064 00000004 b archive_device_cwd
0012f068 00000540 b archive_devices
0012f5a8 00000001 b archive_initialized
0012f5ac 00000028 B __malloc_current_mallinfo
0012f5d4 00000004 B __malloc_max_sbrked_mem
0012f5d8 00000004 B __malloc_max_total_mem
0012f5dc 00000004 B __malloc_top_pad
0012f5e0 00000004 b heap_start.0
0012f5e4 00000004 B fake_heap_end
0012f5e8 00000004 B fake_heap_start
0012f5ec 00000400 b temp_cwd
0012f9ec 00000048 B __syscalls
0012fa34 B __tls_start
0013063c B __bss_end__
0013063c A __end__
0013063c B __tls_end
