         w __deregister_frame_info
         w __register_frame_info
         w userAppExit
         w userAppInit
00000000 00000401 B __ctru_dev_path_buf
00000000 b _TLS_MODULE_BASE_
00000000 a shift
00000000 a shift
00000404 00000802 B __ctru_dev_utf16_buf
00100000 A __start__
00100000 T _start
00100008 T __service_ptr
0010000c T __apt_appid
00100010 T __heap_size
00100014 T __linear_heap_size
00100018 T __system_arglist
0010001c T __system_runflags
00100020 t startup
00100058 t ClearMem
0010006c t ClrLoop
00100094 T _init
001000ac t .udivsi3_skip_div0_test
001000ac T __aeabi_uidiv
001000ac 000001ec T __udivsi3
00100298 00000020 T __aeabi_uidivmod
001002b8 T __aeabi_idiv
001002b8 00000220 T __divsi3
001002c0 t .divsi3_skip_div0_test
001004d8 00000020 T __aeabi_idivmod
001004f8 00000004 W __aeabi_idiv0
001004f8 00000004 W __aeabi_ldiv0
001004fc T __aeabi_drsub
00100504 000002b0 T __aeabi_dsub
00100504 000002b0 T __subdf3
00100508 000002ac T __adddf3
00100508 000002ac T __aeabi_dadd
001007b4 00000024 T __aeabi_ui2d
001007b4 00000024 T __floatunsidf
001007d8 00000028 T __aeabi_i2d
001007d8 00000028 T __floatsidf
00100800 00000048 T __aeabi_f2d
00100800 00000048 T __extendsfdf2
00100848 00000074 T __aeabi_ul2d
00100848 00000074 T __floatundidf
0010085c 00000060 T __aeabi_l2d
0010085c 00000060 T __floatdidf
001008bc T __aeabi_ldivmod
00100990 T __aeabi_uldivmod
001009e8 00000390 T strcmp
00100d70 t __do_global_dtors_aux
00100db0 t frame_dummy
00100de0 000008b0 T main
00101690 00000034 t C2Di_FrameEndHook
001016c8 00000330 T C2D_Init
001019f8 00000044 T C2D_Fini
00101a3c 000000d0 T C2D_Prepare
00101b0c 0000003c T C2D_Flush
00101b48 00000108 T C2D_SceneSize
00101c50 00000058 T C2D_CreateScreenTarget
00101ca8 00000058 T C2D_TargetClear
00101d00 0000013c T C2Di_CalcQuad
00101e3c 00000040 T C2Di_AppendVtx
00101e7c 0000022c T C2Di_Update
001020a8 000002f8 T C2D_DrawImage
001023a0 00000018 t C2Di_GlyphComp
001023b8 00000140 t C2Di_CalcLineWidths
001024f8 000001d0 T C2D_TextBufNew
001026c8 0000000c T C2D_TextBufClear
001026d4 000001c8 T C2D_TextFontParseLine
0010289c 000000a8 T C2D_TextFontParse
00102944 00000014 T C2D_TextParse
00102958 00000030 T C2D_TextOptimize
00102988 000010d4 T C2D_DrawText
00103a5c 0000006c T C2D_SpriteSheetLoadFromHandle
00103ac8 00000048 T C2D_SpriteSheetLoad
00103b10 00000028 T C2D_SpriteSheetFree
00103b38 0000002c T C2D_SpriteSheetGetImage
00103b64 00000044 T C2D_FontGlyphIndexFromCodePoint
00103ba8 00000078 T C2D_FontCalcGlyphPos
00103c20 00000004 W C3Di_LightEnvUpdate
00103c24 00000004 W C3Di_LightEnvDirty
00103c28 000000b4 t C3Di_AptEventHook
00103cdc 00000004 W C3Di_GasUpdate
00103ce0 000001e0 T C3D_Init
00103ec0 00000098 T C3D_SetViewport
00103f58 000004ec T C3Di_UpdateContext
00104444 000000e0 T C3Di_SplitFrame
00104524 00000010 T C3D_GetCmdBufUsage
00104534 00000044 T C3D_Fini
00104578 00000108 T C3D_BindProgram
00104680 0000004c t onVBlank0
001046cc 0000004c t onVBlank1
00104718 00000080 t C3Di_RenderTargetDestroy
00104798 000000f4 t onQueueFinish
0010488c 00000038 T C3Di_RenderQueueEnableVBlank
001048c4 00000030 T C3Di_RenderQueueDisableVBlank
001048f4 00000060 T C3Di_RenderQueueInit
00104954 000000b0 T C3Di_RenderQueueExit
00104a04 00000034 T C3Di_RenderQueueWaitDone
00104a38 000000e4 T C3D_FrameBegin
00104b1c 00000048 T C3D_FrameDrawOn
00104b64 00000058 T C3D_FrameSplit
00104bbc 000001d8 T C3D_FrameEnd
00104d94 0000001c T C3D_FrameEndHook
00104db0 00000018 T C3D_GetDrawingTime
00104dc8 00000018 T C3D_GetProcessingTime
00104de0 00000128 T C3D_RenderTargetCreate
00104f08 000000a8 T C3D_RenderTargetSetOutput
00104fb0 000000fc T C3D_SyncTextureCopy
001050ac 000002a0 T C3D_TexInitWithParams
0010534c 000000c8 T C3D_TexLoadImage
00105414 00000044 T C3D_TexBind
00105458 00000074 T C3D_TexDelete
001054cc 0000016c T C3Di_SetTex
00105638 000003f4 t Tex3DSi_ImportCommon
00105a2c 00000038 T Tex3DS_TextureImportStdio
00105a64 0000001c T Tex3DS_GetSubTexture
00105a80 00000004 T Tex3DS_TextureFree
00105a84 0000001c T C3D_CalcColorBufSize
00105aa0 0000001c T C3D_CalcDepthBufSize
00105abc 00000044 T C3D_SetFrameBuf
00105b00 0000016c T C3Di_FrameBufBind
00105c6c 000000cc T C3D_FrameBufClear
00105d38 00000044 T C3D_FrameBufTransfer
00105d7c 00000034 T C3D_GetTexEnv
00105db0 00000024 T C3Di_TexEnvBind
00105dd4 00000070 T C3D_ProcTexInit
00105e44 00000054 T C3D_ProcTexBind
00105e98 0000005c T C3D_ProcTexLutBind
00105ef4 000000a4 T ProcTexLut_FromArray
00105f98 0000017c T C3Di_ProcTexUpdate
00106114 00000068 T C3Di_ProcTexDirty
0010617c 00000024 T BufInfo_Init
001061a0 00000080 T BufInfo_Add
00106220 00000040 T C3D_SetBufInfo
00106260 00000048 T C3Di_BufInfoBind
001062a8 00000148 T C3D_DrawArrays
001063f0 00000040 T C3D_DepthMap
00106430 0000001c T C3D_CullFace
0010644c 00000040 T C3D_StencilTest
0010648c 00000024 T C3D_StencilOp
001064b0 0000001c T C3D_BlendingColor
001064cc 00000024 T C3D_EarlyDepthTest
001064f0 0000002c T C3D_DepthTest
0010651c 0000002c T C3D_AlphaTest
00106548 00000050 T C3D_AlphaBlend
00106598 00000030 T C3D_FragOpMode
001065c8 00000044 T C3D_FragOpShadow
0010660c 000001ac T C3Di_EffectBind
001067b8 00000028 T AttrInfo_Init
001067e0 00000098 T AttrInfo_AddLoader
00106878 00000054 T C3D_SetAttrInfo
001068cc 00000080 T C3Di_AttrInfoBind
0010694c 000000a8 T C3D_ImmSendAttrib
001069f4 0000029c T C3D_UpdateUniforms
00106c90 000000c0 T C3Di_DirtyUniforms
00106d50 000000d8 T C3Di_LoadShaderUniforms
00106e28 00000028 T C3Di_ClearShaderUniforms
00106e50 000000cc T Mtx_Ortho
00106f1c 000000cc T Mtx_OrthoTilt
00106fe8 00000024 t addrMapNodeComparator(rbtree_node const*, rbtree_node const*)
0010700c 00000004 t addrMapNodeDestructor(rbtree_node*)
00107010 00000114 T vramMemAlign
00107124 00000008 T vramAlloc
0010712c 0000005c T vramFree
00107188 00000024 t addrMapNodeComparator(rbtree_node const*, rbtree_node const*)
001071ac 00000004 t addrMapNodeDestructor(rbtree_node*)
001071b0 00000120 T linearMemAlign
001072d0 00000008 T linearAlloc
001072d8 0000005c T linearFree
00107334 00000084 T MemPool::CoalesceRight(MemBlock*)
001073b8 00000170 T MemPool::Allocate(MemChunk&, unsigned long, int)
00107528 000000fc T MemPool::Deallocate(MemChunk const&)
00107624 00000008 t romfs_close
0010762c 000000c8 t romfs_seek
001076f4 00000024 t romfs_dirreset
00107718 000000c8 t fill_dir
001077e0 000002b0 t romfs_dirnext
00107a90 00000084 t romfs_free
00107b14 000000d4 t searchForFile.constprop.0
00107be8 000000d8 t searchForDir.constprop.0
00107cc0 000001c0 t navigateToDir.constprop.0
00107e80 00000128 t romfs_open
00107fa8 0000004c t romfs_chdir
00107ff4 00000070 t romfs_diropen
00108064 0000017c t romfs_stat
001081e0 00000008 t romfs_dirclose
001081e8 0000007c t romfs_fstat
00108264 000000d4 t romfs_read
00108338 00000290 T romfsMountFromFile
001085c8 00000098 T romfsMountFromCurrentProcess
00108660 0000025c T romfsMountSelf
001088bc 000000ac T romfsUnmount
00108968 00000074 T osConvertVirtToPhys
001089dc 00000054 T osGetTimeRef
00108a30 000000e4 T osGetTime
00108b14 00000074 T __libctru_gtod
00108b88 00000038 T osTickCounterRead
00108bc0 00000034 T __ctru_speedup_config
00108bf4 0000009c T fontEnsureMapped
00108c90 000000fc T fontGlyphIndexFromCodePoint
00108d8c 0000006c T fontGetCharWidthInfo
00108df8 000001c0 T fontCalcGlyphPos
00108fb8 000000d0 t gfxPresentFramebuffer
00109088 0000001c T gfxIsWide
001090a4 000000ec T gfxSetScreenFormat
00109190 00000108 T gfxInit
00109298 00000010 T gfxInitDefault
001092a8 000000b4 T gfxExit
0010935c 000000a0 T gfxGetFramebuffer
001093fc 00000030 T gfxScreenSwapBuffers
0010942c 000001e0 T shaderInstanceInit
0010960c 00000018 T shaderInstanceGetUniformLocation
00109624 0000001c T shaderProgramInit
00109640 00000064 T shaderProgramFree
001096a4 00000080 T shaderProgramSetVsh
00109724 000008c0 T shaderProgramConfigure
00109fe4 000001f8 t DVLE_GenerateOutmap.part.0
0010a1dc 000001cc T DVLB_ParseFile
0010a3a8 00000038 T DVLB_Free
0010a3e0 00000074 T DVLE_GetUniformRegister
0010a454 00000010 T GX_BindQueue
0010a464 00000078 T GX_ProcessCommandList
0010a4dc 00000074 T GX_MemoryFill
0010a550 00000070 T GX_DisplayTransfer
0010a5c0 00000074 T GX_TextureCopy
0010a634 00000068 t gxCmdQueueDoCommands.part.0
0010a69c 000000c8 T gxCmdQueueInterrupt
0010a764 0000004c T gxCmdQueueClear
0010a7b0 000000f8 T gxCmdQueueAdd
0010a8a8 00000080 T gxCmdQueueRun
0010a928 00000060 T gxCmdQueueStop
0010a988 00000074 T gxCmdQueueWait
0010a9fc 0000013c T GPUCMD_Add
0010ab38 000000ac T GPUCMD_Split
0010abe4 00000040 T f32tof16
0010ac24 00000040 T f32tof24
0010ac64 00000044 T f32tof31
0010aca8 00000c58 t gspHardwareInit
0010b900 00000254 T gspInit
0010bb54 000000f0 T gspExit
0010bc44 00000010 T gspHasGpuRight
0010bc54 00000098 T gspPresentBuffer
0010bcec 00000030 T gspSetEventCallback
0010bd1c 00000050 T gspWaitForEvent
0010bd6c 0000004c T gspWaitForAnyEvent
0010bdb8 00000160 t gspEventThreadMain
0010bf18 00000130 T gspSubmitGxCommand
0010c048 00000050 T GSPGPU_FlushDataCache
0010c098 00000034 T GSPGPU_SetLcdForceBlack
0010c0cc 00000068 T GSPGPU_AcquireRight
0010c134 00000048 T GSPGPU_ReleaseRight
0010c17c 0000007c T GSPGPU_ImportDisplayCaptureInfo
0010c1f8 0000002c T GSPGPU_SaveVramSysArea
0010c224 0000002c T GSPGPU_RestoreVramSysArea
0010c250 000001b0 t aptConvertScreenForCapture
0010c400 00000008 W aptDspSleep
0010c408 00000004 W aptDspWakeup
0010c40c 00000004 W aptDspCancel
0010c410 0000015c T aptSendCommand
0010c56c 00000038 t aptExitProcess
0010c5a4 000002f0 T aptExit
0010c894 000000d8 T aptHandleSleep
0010c96c 00000030 T aptHook
0010c99c 00000030 T aptUnhook
0010c9cc 00000084 T APT_SleepIfShellClosed
0010ca50 00000084 T aptSetSleepAllowed
0010cad4 00000084 T APT_UnlockTransition
0010cb58 00000484 t aptEventHandler
0010cfdc 000000b0 T APT_ReceiveParameter
0010d08c 000000b0 t aptReceiveParameter.constprop.0
0010d140 000002bc t aptScreenTransfer
0010d3fc 000002d0 t aptWaitForWakeUp.isra.0
0010d6cc 000000f8 T aptJumpToHomeMenu
0010d7c4 0000004c T aptMainLoop
0010d810 00000234 T aptInit
0010da44 0000007c T APT_CheckNew3DS
0010dac0 00000048 T APT_GetSharedFont
0010db08 00000024 W hidShouldUseIrrst
0010db2c 0000018c T hidInit
0010dcb8 000000e8 T hidExit
0010dda0 00000294 T hidScanInput
0010e034 00000010 T hidKeysHeld
0010e044 00000010 T hidKeysDown
0010e054 00000010 T hidKeysUp
0010e064 00000074 T ptmSysmInit
0010e0d8 0000003c T ptmSysmExit
0010e114 00000034 T PTMSYSM_ConfigureNew3DSCPU
0010e148 000000c8 T fsInit
0010e210 0000003c T fsExit
0010e24c 00000060 T fsExemptFromSession
0010e2ac 00000050 T fsUnexemptFromSession
0010e2fc 000000cc T FSUSER_OpenFile
0010e3c8 000000d4 T FSUSER_OpenFileDirectly
0010e49c 000000bc T FSUSER_DeleteFile
0010e558 000000f8 T FSUSER_RenameFile
0010e650 000000bc T FSUSER_DeleteDirectory
0010e70c 000000d4 T FSUSER_CreateFile
0010e7e0 000000c4 T FSUSER_CreateDirectory
0010e8a4 000000f8 T FSUSER_RenameDirectory
0010e99c 000000b4 T FSUSER_OpenDirectory
0010ea50 00000094 T FSUSER_OpenArchive
0010eae4 0000008c T FSUSER_CloseArchive
0010eb70 00000074 T FSUSER_GetSdmcArchiveResource
0010ebe4 00000064 T FSUSER_IsSdmcWritable
0010ec48 00000058 T FSFILE_Read
0010eca0 00000060 T FSFILE_Write
0010ed00 00000038 T FSFILE_GetSize
0010ed38 00000028 T FSFILE_SetSize
0010ed60 0000003c T FSFILE_Close
0010ed9c 00000024 T FSFILE_Flush
0010edc0 00000050 T FSDIR_Read
0010ee10 0000003c T FSDIR_Close
0010ee4c 000000cc t buffer_read
0010ef18 000000d0 t iov_read
0010efe8 00000128 t iov_memmove
0010f110 000001d8 t decompress_rle
0010f2e8 00000258 t decompress_lzss
0010f540 000002ec t decompress_huff.part.0
0010f82c 00000440 t decompress_lz11
0010fc6c 00000010 T decompressCallback_Stdio
0010fc7c 000000e4 T decompressHeader
0010fd60 00000250 T decompressV
0010ffb0 00000010 T rbtree_init
0010ffc0 000001a0 t do_insert
00110160 00000008 T rbtree_insert
00110168 00000090 T rbtree_rotate
001101f8 00000338 T rbtree_remove
00110530 00000074 T rbtree_find
001105a4 000000e8 T utf16_to_utf8
0011068c 00000064 T decode_utf16
001106f0 0000013c T decode_utf8
0011082c 000000c0 T utf8_to_utf16
001108f0 000001e0 W __system_allocateHeaps
00110ad0 00000038 W __libctru_init
00110b08 000000f0 W __system_initArgv
00110bf8 T svcControlMemory
00110c18 T svcQueryMemory
00110c48 T svcExitProcess
00110c50 T svcCreateThread
00110c70 T svcExitThread
00110c78 T svcSleepThread
00110c80 T svcReleaseMutex
00110c88 T svcCreateEvent
00110c9c T svcSignalEvent
00110ca4 T svcClearEvent
00110cac T svcMapMemoryBlock
00110cb4 T svcUnmapMemoryBlock
00110cbc T svcCreateAddressArbiter
00110cd0 T svcArbitrateAddressNoTimeout
00110cd8 T svcCloseHandle
00110ce0 T svcWaitSynchronization
00110ce8 T svcWaitSynchronizationN
00110d10 T svcDuplicateHandle
00110d24 T svcGetSystemTick
00110d2c T svcConnectToPort
00110d40 T svcSendSyncRequest
00110d48 T svcGetResourceLimit
00110d5c T svcGetResourceLimitLimitValues
00110d64 T svcGetResourceLimitCurrentValues
00110d6c T svcBreak
00110d74 W initSystem
00110dc4 W __ctru_exit
00110ddc T __aeabi_read_tp
00110de8 0000000c T __sync_init
00110df4 00000018 T __sync_fini
00110e0c 0000002c T syncArbitrateAddress
00110e38 0000001c T LightLock_Init
00110e54 00000094 T LightLock_Lock
00110ee8 00000044 T LightLock_TryLock
00110f2c 00000040 T LightLock_Unlock
00110f6c 00000024 T RecursiveLock_Init
00110f90 00000030 T RecursiveLock_Lock
00110fc0 00000078 T RecursiveLock_TryLock
00111038 00000054 T RecursiveLock_Unlock
0011108c 00000040 T LightEvent_Init
001110cc 000000a4 T LightEvent_Clear
00111170 000000c8 T LightEvent_Signal
00111238 00000058 T LightEvent_TryWait
00111290 000000b0 T LightEvent_Wait
00111340 00000084 W envGetHandle
001113c4 00000050 W envDestroyHandles
00111414 00000124 T srvInit
00111538 00000058 T srvExit
00111590 00000080 T srvGetServiceHandleDirect
00111610 00000048 T srvGetServiceHandle
00111658 00000038 T srvPublishToSubscriber
00111690 00000188 T threadCreate
00111818 0000002c T threadFree
00111844 00000024 T threadJoin
00111868 00000030 T threadGetCurrent
00111898 00000040 T threadExit
001118d8 00000044 t _thread_begin
0011191c 00000094 t mappableFindAddressWithin
001119b0 00000028 T mappableInit
001119d8 00000080 T mappableAlloc
00111a58 00000004 T mappableFree
00111a5c 00000160 T irrstInit
00111bbc 000000cc T irrstExit
00111c88 000000b0 T irrstScanInput
00111d38 00000024 T irrstKeysHeld
00111d5c 0000000c T srvPmGetSessionHandle
00111d68 00000050 T rbtree_node_next
00111db8 00000060 T encode_utf16
00111e18 000000fc T encode_utf8
00111f14 00000030 W __appInit
00111f44 00000030 t __libctru_nanosleep
00111f74 00000030 t __libctru_get_reent
00111fa4 000000f8 T __system_initSyscalls
0011209c 00000030 W __appExit
001120cc 00000090 W __libctru_exit
0011215c 00000014 t archive_link
00112170 00000014 t archive_dirreset
00112184 00000014 t archive_chmod
00112198 00000024 t error_cmp
001121bc 00000050 t archive_translate_error
0011220c 000000d4 t archive_seek
001122e0 0000007c t _archiveInit.part.0
0011235c 0000008c t archiveFindDevice.part.0
001123e8 00000294 t archive_utf16path
0011267c 000000a0 t _archiveUnmountDeviceStruct.part.0
0011271c 00000014 t archive_fchmod
00112730 00000014 t archive_statvfs
00112744 00000158 t _archiveMountDevice
0011289c 000000e8 t archive_diropen
00112984 000000a4 t archive_fstat
00112a28 0000006c t archive_close
00112a94 0000006c t archive_fsync
00112b00 00000070 t archive_dirclose
00112b70 000000e8 t sdmc_statvfs
00112c58 00000080 t archive_ftruncate
00112cd8 000000fc t archive_chdir
00112dd4 000000b0 t archive_read
00112e84 000000ac t archive_unlink
00112f30 000000c8 t archive_rmdir
00112ff8 000000ec t archive_mkdir
001130e4 000001a8 t archive_stat
0011328c 00000184 t archive_rename
00113410 00000168 t archive_dirnext
00113578 0000012c t archive_write
001136a4 000001f0 t archive_open
00113894 000001a4 T archiveMountSdmc
00113a38 00000054 T archiveUnmountAll
00113a90 0000022c T cosf
00113cbc 00000024 t with_errnof
00113ce0 0000001c T __math_invalidf
00113cfc 000000b4 T ceilf
00113db0 00000274 T sinf
00114024 00000120 T __udivmoddi4
00114144 00000078 T bsearch
001141bc 00000028 T calloc
001141e4 00000094 T _calloc_r
00114278 0000000c T __errno
00114284 00000034 T exit
001142b8 00000160 T _fclose_r
00114418 00000020 T fclose
00114438 00000258 T __sflush_r
00114690 00000094 T _fflush_r
00114724 00000038 T fflush
0011475c 0000000c T _cleanup_r
00114768 00000184 T __sinit
001148ec 00000134 T __sfp
00114a20 0000000c T __sfp_lock_acquire
00114a2c 0000000c T __sfp_lock_release
00114a38 0000003c T __libc_fini_array
00114a74 00000140 T _fopen_r
00114bb4 00000028 T fopen
00114bdc 000002d0 T _fread_r
00114eac 00000038 T fread
00114ee4 000000f8 T _malloc_trim_r
00114fdc 000002e4 T _free_r
001152c0 0000001c T _fseek_r
001152dc 000004f8 T _fseeko_r
001157d4 000001bc T _ftello_r
00115990 00000068 T _fwalk
001159f8 00000070 T _fwalk_reent
00115a68 0000007c T __libc_init_array
00115ae4 00000138 T __smakebuf_r
00115c1c 00000094 T __swhatbuf_r
00115cb0 00000028 T memalign
00115cd8 00000148 T _memalign_r
00115e20 00000020 T malloc
00115e40 00000020 T free
00115e60 000007f0 T _malloc_r
00116650 000000a8 T memcmp
001166f8 0000011c T memcpy
00116814 00000118 T memset
0011692c 0000000c T __malloc_lock
00116938 0000000c T __malloc_unlock
00116944 00000958 T qsort
0011729c 0000001c T srand
001172b8 00000044 T rand
001172fc 00000598 T _realloc_r
00117894 0000001c t lflush
001178b0 000001ac T __srefill_r
00117a5c 00000260 T setvbuf
00117cbc 000000cc T snprintf
00117d88 00000044 T __sread
00117dcc 00000068 T __swrite
00117e34 00000048 T __sseek
00117e7c 00000008 T __sclose
00117e84 00000144 T strchr
00117fc8 0000005c T strlen
00118024 000000ec T strncat
00118110 000000dc T strncmp
001181ec 000000c0 T strncpy
001182ac 00000048 T strnlen
001182f4 0000064c t get_arg
00118940 00003808 T _svfprintf_r
0011c148 0000003c T time
0011c184 00000054 T _wcrtomb_r
0011c1d8 00000028 T _wcsrtombs_r
0011c200 00000114 T __call_exitprocs
0011c314 000001a8 t quorem
0011c4c0 000012ec T _dtoa_r
0011d7ac 000000c8 T __sflags
0011d874 0000000c T _localeconv_r
0011d880 00000010 T __locale_mb_cur_max
0011d890 000002fc T __utf8_mbtowc
0011db8c 000000e0 T memchr
0011dc6c 00000154 T memmove
0011ddc0 00000088 T _Balloc
0011de48 0000001c T _Bfree
0011de64 000000f4 T __multadd
0011df58 00000058 T __hi0bits
0011dfb0 0000009c T __lo0bits
0011e04c 000000a4 T __i2b
0011e0f0 00000204 T __multiply
0011e2f4 00000120 T __pow5mult
0011e414 0000013c T __lshift
0011e550 00000058 T __mcmp
0011e5a8 000001cc T __mdiff
0011e774 0000012c T __d2b
0011e8a0 000000a8 T frexp
0011e948 00000188 T __ssprint_r
0011ead0 00000190 T _wcsnrtombs_l
0011ec60 0000004c T _wcsnrtombs_r
0011ecac 000000f0 T __utf8_wctomb
0011ed9c 0000005c T __assert_func
0011edf8 0000003c T fiprintf
0011ee34 0000064c t get_arg
0011f480 00000034 T __sprint_r
0011f4b4 00002584 T _vfiprintf_r
00121a38 000000d4 t __sbprintf
00121b0c 00000154 T __swsetup_r
00121c60 00000014 T abort
00121c74 000004a4 T __sfvwrite_r
00122118 00000098 T _raise_r
001221b0 00000020 T raise
001221d0 00000008 t null_write
001221d8 00000018 T setDefaultDevice
001221f0 000000c8 T FindDevice
001222b8 00000028 T RemoveDevice
001222e0 0000009c T AddDevice
0012237c 00000020 T GetDeviceOpTab
0012239c 00000078 T _fstat_r
00122414 00000014 T _getpid_r
00122428 00000038 T _gettimeofday_r
00122460 00000008 T _isatty_r
00122468 00000014 T _kill_r
0012247c 00000084 T _lseek_r
00122500 000000c8 T _open_r
001225c8 00000080 T _read_r
00122648 00000078 T _sbrk_r
001226c0 00000080 T _write_r
00122740 00000024 T _exit
00122764 000001b8 T _concatenate_path
0012291c 00000160 T chdir
00122a7c 00000008 T __flockfile
00122a84 00000008 T __funlockfile
00122a8c 00000018 T __libc_lock_acquire
00122aa4 00000018 T __libc_lock_release
00122abc 00000018 T __libc_lock_init_recursive
00122ad4 00000018 T __libc_lock_acquire_recursive
00122aec 00000018 T __libc_lock_release_recursive
00122b04 00000018 T __libc_lock_close_recursive
00122b1c 0000008c T __release_handle
00122ba8 000000b4 T __alloc_handle
00122c5c 0000003c T __get_handle
00122c98 000000f4 T _close_r
00122d8c 00000028 T __getreent
00122db4 00000044 T strrchr
00122df8 T _fini
001230c4 R render2d_shbin
00123250 R render2d_shbin_end
00123250 R render2d_shbin_size
00123254 00000038 r CSWTCH.18
0012328c 00000005 r colorFmtSizes
00123294 00000004 r depthFmtSizes
00123298 00000010 r CSWTCH.9
001232cc 00000070 r romFS_devoptab
00123360 00000008 r morton_x.3
00123368 00000008 r morton_y.2
00123370 00000008 r s_sleepWakeEvents.4
001233d0 00000070 r archive_devoptab
00123440 00000030 r error_table
00123470 00000060 R __inv_pio4
001234d0 000000e0 R __sincosf_table
001235b0 00000004 R _global_impure_ptr
001235f0 00000010 r blanks.1
00123600 00000010 r zeroes.0
00123620 r .LC2
00123700 00000028 R __mprec_bigtens
00123728 000000c8 R __mprec_tens
001237f0 0000000c r p05.0
001237fc 0000006c R __action_table
00123868 00000100 R __chclass
00123968 0000006c R __state_table
00123a14 00000101 R _ctype_
00123b18 00000010 r blanks.1
00123b28 00000010 r zeroes.0
00123b38 00000070 R dotab_stdnull
00123ba8 r 
00123ba8 R __exidx_end
00123ba8 R __exidx_start
00124000 00000004 d framerate
00124004 00000008 d framerateCounter
0012400c 00000004 d queueLock
00124010 00000004 d kCount
00124014 00000004 d kDelay
00124018 00000004 d kInterval
0012401c W __stacksize__
00124020 0000000c d __sfp_recursive_mutex
0012402c 0000000c d __sinit_recursive_mutex
00124038 00000004 D _impure_ptr
00124040 00000460 d impure_data
001244a0 00000408 D __malloc_av_
001248a8 00000004 D __malloc_sbrk_base
001248ac 00000004 D __malloc_trim_threshold
001248b0 0000000c d __malloc_recursive_mutex
001248bc 0000000c D __atexit_recursive_mutex
001248c8 0000016c D __global_locale
00124a34 00000004 d defaultDevice
00124a38 0000008c D devoptab_list
00124ac4 00000400 d _current_working_directory
00124ec4 00000004 d __hndl_lock
00124ec8 0000000c d __stderr_handle
00124ed4 0000000c d __stdin_handle
00124ee0 0000000c d __stdout_handle
00124eec 00001000 d handles
00125ef4 d _GLOBAL_OFFSET_TABLE_
00125f00 d __frame_dummy_init_array_entry
00125f00 D __init_array_start
00125f00 B __preinit_array_end
00125f00 B __preinit_array_start
00125f00 D __tdata_lma
00125f00 D __tdata_lma_end
00125f04 d __do_global_dtors_aux_fini_array_entry
00125f04 D __fini_array_start
00125f04 D __init_array_end
00125f08 D __bss_start__
00125f08 D __fini_array_end
00125f08 00000004 b spriteSheet
00125f0c 000000c0 b sprites
00125fcc 00000004 B g_dynamicBuf
00125fd0 00000070 B g_staticText
00126040 00000004 B g_staticBuf
00126044 b completed.1
00126048 b object.0
00126060 000005a0 B __C2Di_Context
00126600 00000040 b s_projBot
00126640 00000040 b s_projTop
00126680 00000004 b uLoc_mdlvMtx
00126684 00000004 b uLoc_projMtx
00126688 00000004 b s_glyphSheets
0012668c 00000004 b s_textScale
00126690 000002d0 B __C3D_Context
00126960 0000000c b hookCookie
00126970 00000010 b cpuTime
00126980 00000004 b firstTarget
00126984 00000008 b frameCounter
0012698c 00000004 b frameEndCb
00126990 00000004 b frameEndCbData
00126998 00000010 b gpuTime
001269a8 00000001 b inFrame
001269a9 00000001 b inSafeTransfer
001269aa 00000001 b isTopStereo
001269ac 00000004 b lastTarget
001269b0 0000000c b linkedTarget
001269bc 00000001 b measureGpuTime
001269bd 00000001 b needSwapBot
001269be 00000001 b needSwapTop
001269c0 00000004 B C3D_BoolUnifs
001269c4 00000002 B C3D_BoolUnifsDirty
001269c8 00000c00 B C3D_FVUnif
001275c8 000000c0 B C3D_FVUnifDirty
00127688 00000020 B C3D_IVUnif
001276a8 00000008 B C3D_IVUnifDirty
001276b0 000000c0 b C3Di_FVUnifEverDirty
00127770 00000008 b C3Di_IVUnifEverDirty
00127778 00000018 b C3Di_ShaderFVecData
00127790 0000000c b sAddrMap
0012779c 00000008 b sVramPool
001277a4 00000008 b sLinearPool
001277ac 0000000c b sAddrMap
001277b8 00000004 V __romfs_path
001277bc 00000004 b romfs_mount_list
001277c0 00000001 V __ctru_speedup
001277c4 00000004 B g_sharedFont
001277c8 00000004 b sharedFontAddr
001277cc 00000004 b gfxBottomFramebufferMaxSize
001277d0 00000008 b gfxBottomFramebuffers
001277d8 00000002 b gfxCurBuf
001277dc 00000002 b gfxFramebufferFormats
001277e0 00000002 b gfxIsDoubleBuf
001277e2 00000001 b gfxIsVram
001277e4 00000004 b gfxTopFramebufferMaxSize
001277e8 00000008 b gfxTopFramebuffers
001277f0 00000001 b gfxTopMode
001277f4 00000004 b screenAlloc
001277f8 00000004 b screenFree
001277fc 00000004 b boundQueue
00127800 00000004 b curQueue
00127804 00000001 b isActive
00127805 00000001 b isRunning
00127806 00000001 b shouldStop
00127808 00000004 B gpuCmdBuf
0012780c 00000004 B gpuCmdBufOffset
00127810 00000004 B gpuCmdBufSize
00127814 00000004 b gspEvent
00127818 0000001c b gspEventCb
00127834 0000001c b gspEventCbData
00127850 00000007 b gspEventCbOneShot
00127858 00000004 b gspEventThread
0012785c 00000038 b gspEvents
00127894 00000004 b gspGpuHandle
00127898 00000001 b gspGpuRight
0012789c 00000004 b gspLastEvent
001278a0 00000004 b gspRefCount
001278a4 00000001 b gspRunEvents
001278a8 00000004 b gspSharedMem
001278ac 00000004 b gspSharedMemHandle
001278b0 00000001 b gspThreadId
001278b1 00000001 b aptChainloadFlags
001278b2 00000001 b aptChainloadMediatype
001278b8 00000008 b aptChainloadTid
001278c0 00000004 b aptEventHandlerThread
001278c4 00000001 b aptEventHandlerThreadQuit
001278c8 00000008 b aptEvents
001278d0 0000000c b aptFirstHook
001278dc 00000004 b aptFlags
001278e0 00000001 b aptHomeButtonState
001278e4 00000004 b aptLockHandle
001278e8 00000004 b aptMessageFunc
001278ec 00000004 b aptMessageFuncData
001278f0 00001000 b aptParameters
001288f0 00000008 b aptReceiveEvent
001288f8 00000004 b aptRefCount
001288fc 00000008 b aptSleepEvent
00128904 00000001 b flagInit.1
00128905 00000001 b flagValue.0
00128908 00000004 b serviceName.6
0012890c 00000006 b aVec
00128914 00000004 b cPos
00128918 00000006 b gRate
00128920 00000014 B hidEvents
00128934 00000004 B hidHandle
00128938 00000004 B hidMemHandle
0012893c 00000004 b hidRefCount
00128940 00000004 B hidSharedMem
00128944 00000004 b kDown
00128948 00000004 b kHeld
0012894c 00000004 b kOld
00128950 00000004 b kRepeat
00128954 00000004 b kUp
00128958 00000004 b tPos
0012895c 00000001 b usingIrrst
00128960 00000004 b ptmSysmHandle
00128964 00000004 b ptmSysmRefCount
00128968 00000080 b fsExemptArchives
001289e8 00000004 b fsuHandle
001289ec 00000004 b fsuRefCount
001289f0 00000004 B __ctru_heap
001289f4 00000004 V __ctru_heap_size
001289f8 00000004 B __ctru_linear_heap
001289fc 00000004 V __ctru_linear_heap_size
00128a00 00000004 B __system_retAddr
00128a04 00000004 B __system_argc
00128a08 00000004 B __system_argv
00128a0c b saved_stack
00128a14 00000004 b arbiter
00128a18 00000004 b srvHandle
00128a1c 00000004 b srvRefCount
00128a20 00000004 b currentAddr
00128a24 00000004 b maxAddr
00128a28 00000004 b minAddr
00128a2c 00000004 b csPos
00128a30 00000004 B irrstEvent
00128a34 00000004 B irrstHandle
00128a38 00000004 B irrstMemHandle
00128a3c 00000004 b irrstRefCount
00128a40 00000004 B irrstSharedMem
00128a44 00000004 b kHeld
00128a48 00000004 b srvPmHandle
00128a4c 00000004 b archive_device_cwd
00128a50 00000540 b archive_devices
00128f90 00000001 b archive_initialized
00128f94 00000028 B __malloc_current_mallinfo
00128fbc 00000004 B __malloc_max_sbrked_mem
00128fc0 00000004 B __malloc_max_total_mem
00128fc4 00000004 B __malloc_top_pad
00128fc8 00000004 b heap_start.0
00128fcc 00000004 B fake_heap_end
00128fd0 00000004 B fake_heap_start
00128fd4 00000400 b temp_cwd
001293d4 00000048 B __syscalls
0012941c B __tls_start
0012a024 B __bss_end__
0012a024 A __end__
0012a024 B __tls_end
