         w __deregister_frame_info
         w __register_frame_info
         w userAppExit
         w userAppInit
00000000 00000401 B __ctru_dev_path_buf
00000000 b _TLS_MODULE_BASE_
00000000 a shift
00000000 a shift
00000404 00000802 B __ctru_dev_utf16_buf
00100000 A __start__
00100000 T _start
00100008 T __service_ptr
0010000c T __apt_appid
00100010 T __heap_size
00100014 T __linear_heap_size
00100018 T __system_arglist
0010001c T __system_runflags
00100020 t startup
00100058 t ClearMem
0010006c t ClrLoop
00100094 T _init
001000ac T __aeabi_idiv
001000ac 00000220 T __divsi3
001000b4 t .divsi3_skip_div0_test
001002cc 00000020 T __aeabi_idivmod
001002ec 00000004 W __aeabi_idiv0
001002ec 00000004 W __aeabi_ldiv0
001002f0 T __aeabi_ldivmod
001003c4 T __aeabi_uldivmod
00100408 00000390 T strcmp
00100790 t .udivsi3_skip_div0_test
00100790 T __aeabi_uidiv
00100790 000001ec T __udivsi3
0010097c 00000020 T __aeabi_uidivmod
0010099c T __aeabi_drsub
001009a4 000002b0 T __aeabi_dsub
001009a4 000002b0 T __subdf3
001009a8 000002ac T __adddf3
001009a8 000002ac T __aeabi_dadd
00100c54 00000024 T __aeabi_ui2d
00100c54 00000024 T __floatunsidf
00100c78 00000028 T __aeabi_i2d
00100c78 00000028 T __floatsidf
00100ca0 00000048 T __aeabi_f2d
00100ca0 00000048 T __extendsfdf2
00100ce8 00000074 T __aeabi_ul2d
00100ce8 00000074 T __floatundidf
00100cfc 00000060 T __aeabi_l2d
00100cfc 00000060 T __floatdidf
00100d5c t __do_global_dtors_aux
00100d9c t frame_dummy
00100dc8 0000013c T main
00100f04 00000178 T consoleDrawChar
0010107c 00000124 T consolePrintChar
001011a0 00000a00 T con_write
00101ba0 00000168 T consoleInit
00101d08 000000f4 t newRow
00101dfc 000000d0 t gfxPresentFramebuffer
00101ecc 0000001c T gfxIsWide
00101ee8 000000ec T gfxSetScreenFormat
00101fd4 00000010 T gfxSetDoubleBuffering
00101fe4 00000108 T gfxInit
001020ec 00000010 T gfxInitDefault
001020fc 000000b4 T gfxExit
001021b0 000000a0 T gfxGetFramebuffer
00102250 0000010c T gfxFlushBuffers
0010235c 00000050 T gfxSwapBuffers
001023ac 00000050 T gfxSwapBuffersGpu
001023fc 00000c58 t gspHardwareInit
00103054 00000254 T gspInit
001032a8 000000f0 T gspExit
00103398 00000010 T gspHasGpuRight
001033a8 00000098 T gspPresentBuffer
00103440 00000050 T gspWaitForEvent
00103490 00000004 W gxCmdQueueInterrupt
00103494 00000160 t gspEventThreadMain
001035f4 00000050 T GSPGPU_FlushDataCache
00103644 00000034 T GSPGPU_SetLcdForceBlack
00103678 00000068 T GSPGPU_AcquireRight
001036e0 00000048 T GSPGPU_ReleaseRight
00103728 0000007c T GSPGPU_ImportDisplayCaptureInfo
001037a4 0000002c T GSPGPU_SaveVramSysArea
001037d0 0000002c T GSPGPU_RestoreVramSysArea
001037fc 000001b0 t aptConvertScreenForCapture
001039ac 00000008 W aptDspSleep
001039b4 00000004 W aptDspWakeup
001039b8 00000004 W aptDspCancel
001039bc 0000015c T aptSendCommand
00103b18 00000038 t aptExitProcess
00103b50 000002f0 T aptExit
00103e40 000000d8 T aptHandleSleep
00103f18 00000084 T APT_SleepIfShellClosed
00103f9c 00000084 T aptSetSleepAllowed
00104020 00000084 T APT_UnlockTransition
001040a8 00000484 t aptEventHandler
0010452c 000000b0 T APT_ReceiveParameter
001045dc 000000b0 t aptReceiveParameter.constprop.0
00104690 000002bc t aptScreenTransfer
0010494c 000002d0 t aptWaitForWakeUp.isra.0
00104c1c 000000f8 T aptJumpToHomeMenu
00104d14 0000004c T aptMainLoop
00104d60 00000234 T aptInit
00104f94 0000007c T APT_CheckNew3DS
00105010 00000024 W hidShouldUseIrrst
00105034 0000018c T hidInit
001051c0 000000e8 T hidExit
001052a8 00000294 T hidScanInput
0010553c 00000010 T hidKeysHeld
0010554c 00000010 T hidKeysDown
0010555c 00000018 T hidTouchRead
00105574 00000038 W __libctru_init
001055ac 000000f0 W __system_initArgv
0010569c T svcControlMemory
001056bc T svcQueryMemory
001056ec T svcExitProcess
001056f4 T svcCreateThread
00105714 T svcExitThread
0010571c T svcSleepThread
00105724 T svcReleaseMutex
0010572c T svcCreateEvent
00105740 T svcSignalEvent
00105748 T svcClearEvent
00105750 T svcMapMemoryBlock
00105758 T svcUnmapMemoryBlock
00105760 T svcCreateAddressArbiter
00105774 T svcArbitrateAddressNoTimeout
0010577c T svcCloseHandle
00105784 T svcWaitSynchronization
0010578c T svcWaitSynchronizationN
001057b4 T svcDuplicateHandle
001057c8 T svcGetSystemTick
001057d0 T svcConnectToPort
001057e4 T svcSendSyncRequest
001057ec T svcGetResourceLimit
00105800 T svcGetResourceLimitLimitValues
00105808 T svcGetResourceLimitCurrentValues
00105810 T svcBreak
00105818 W initSystem
00105868 W __ctru_exit
00105880 00000024 t addrMapNodeComparator(rbtree_node const*, rbtree_node const*)
001058a4 00000004 t addrMapNodeDestructor(rbtree_node*)
001058a8 00000114 T vramMemAlign
001059bc 00000008 T vramAlloc
001059c4 0000005c T vramFree
00105a20 00000024 t addrMapNodeComparator(rbtree_node const*, rbtree_node const*)
00105a44 00000004 t addrMapNodeDestructor(rbtree_node*)
00105a48 00000120 T linearMemAlign
00105b68 00000008 T linearAlloc
00105b70 0000005c T linearFree
00105bcc 00000084 T MemPool::CoalesceRight(MemBlock*)
00105c50 00000170 T MemPool::Allocate(MemChunk&, unsigned long, int)
00105dc0 000000fc T MemPool::Deallocate(MemChunk const&)
00105ebc 0000000c T __sync_init
00105ec8 00000018 T __sync_fini
00105ee0 0000002c T syncArbitrateAddress
00105f0c 0000001c T LightLock_Init
00105f28 00000094 T LightLock_Lock
00105fbc 00000044 T LightLock_TryLock
00106000 00000040 T LightLock_Unlock
00106040 00000024 T RecursiveLock_Init
00106064 00000030 T RecursiveLock_Lock
00106094 00000078 T RecursiveLock_TryLock
0010610c 00000054 T RecursiveLock_Unlock
00106160 00000040 T LightEvent_Init
001061a0 000000a4 T LightEvent_Clear
00106244 000000c8 T LightEvent_Signal
0010630c 00000058 T LightEvent_TryWait
00106364 000000b0 T LightEvent_Wait
00106414 00000054 T osGetTimeRef
00106468 000000e4 T osGetTime
0010654c 00000074 T __libctru_gtod
001065c0 00000034 T __ctru_speedup_config
001065f4 00000124 T srvInit
00106718 00000058 T srvExit
00106770 00000080 T srvGetServiceHandleDirect
001067f0 00000048 T srvGetServiceHandle
00106838 00000038 T srvPublishToSubscriber
00106870 00000188 T threadCreate
001069f8 0000002c T threadFree
00106a24 00000024 T threadJoin
00106a48 00000030 T threadGetCurrent
00106a78 00000040 T threadExit
00106ab8 00000044 t _thread_begin
00106afc 00000094 t mappableFindAddressWithin
00106b90 00000028 T mappableInit
00106bb8 00000080 T mappableAlloc
00106c38 00000004 T mappableFree
00106c3c 00000160 T irrstInit
00106d9c 000000cc T irrstExit
00106e68 000000b0 T irrstScanInput
00106f18 00000024 T irrstKeysHeld
00106f3c 0000000c T srvPmGetSessionHandle
00106f48 00000074 T ptmSysmInit
00106fbc 0000003c T ptmSysmExit
00106ff8 00000034 T PTMSYSM_ConfigureNew3DSCPU
0010702c 00000010 T rbtree_init
0010703c 000001a0 t do_insert
001071dc 00000008 T rbtree_insert
001071e4 00000090 T rbtree_rotate
00107274 00000338 T rbtree_remove
001075ac 00000074 T rbtree_find
00107620 00000030 W __appInit
00107650 00000030 t __libctru_nanosleep
00107680 00000030 t __libctru_get_reent
001076b0 000000f8 T __system_initSyscalls
001077a8 000001e0 W __system_allocateHeaps
00107988 00000030 W __appExit
001079b8 00000090 W __libctru_exit
00107a48 00000084 W envGetHandle
00107acc 00000050 W envDestroyHandles
00107b1c 00000014 t archive_link
00107b30 00000014 t archive_dirreset
00107b44 00000014 t archive_chmod
00107b58 00000024 t error_cmp
00107b7c 00000050 t archive_translate_error
00107bcc 000000d4 t archive_seek
00107ca0 0000007c t _archiveInit.part.0
00107d1c 0000008c t archiveFindDevice.part.0
00107da8 00000294 t archive_utf16path
0010803c 000000a0 t _archiveUnmountDeviceStruct.part.0
001080dc 00000014 t archive_fchmod
001080f0 00000014 t archive_statvfs
00108104 00000158 t _archiveMountDevice
0010825c 000000e8 t archive_diropen
00108344 000000a4 t archive_fstat
001083e8 0000006c t archive_close
00108454 0000006c t archive_fsync
001084c0 00000070 t archive_dirclose
00108530 000000e8 t sdmc_statvfs
00108618 00000080 t archive_ftruncate
00108698 000000fc t archive_chdir
00108794 000000b0 t archive_read
00108844 000000ac t archive_unlink
001088f0 000000c8 t archive_rmdir
001089b8 000000ec t archive_mkdir
00108aa4 000001a8 t archive_stat
00108c4c 00000184 t archive_rename
00108dd0 00000168 t archive_dirnext
00108f38 0000012c t archive_write
00109064 000001f0 t archive_open
00109254 000001a4 T archiveMountSdmc
001093f8 00000054 T archiveUnmountAll
0010944c 000000c8 T fsInit
00109514 0000003c T fsExit
00109550 00000060 T fsExemptFromSession
001095b0 00000050 T fsUnexemptFromSession
00109600 000000cc T FSUSER_OpenFile
001096cc 000000bc T FSUSER_DeleteFile
00109788 000000f8 T FSUSER_RenameFile
00109880 000000bc T FSUSER_DeleteDirectory
0010993c 000000d4 T FSUSER_CreateFile
00109a10 000000c4 T FSUSER_CreateDirectory
00109ad4 000000f8 T FSUSER_RenameDirectory
00109bcc 000000b4 T FSUSER_OpenDirectory
00109c80 00000094 T FSUSER_OpenArchive
00109d14 0000008c T FSUSER_CloseArchive
00109da0 00000074 T FSUSER_GetSdmcArchiveResource
00109e14 00000064 T FSUSER_IsSdmcWritable
00109e78 00000058 T FSFILE_Read
00109ed0 00000060 T FSFILE_Write
00109f30 00000038 T FSFILE_GetSize
00109f68 00000028 T FSFILE_SetSize
00109f90 0000003c T FSFILE_Close
00109fcc 00000024 T FSFILE_Flush
00109ff0 00000050 T FSDIR_Read
0010a040 0000003c T FSDIR_Close
0010a07c 00000050 T rbtree_node_next
0010a0cc 000000e8 T utf16_to_utf8
0010a1b4 00000064 T decode_utf16
0010a218 0000013c T decode_utf8
0010a354 000000c0 T utf8_to_utf16
0010a414 T __aeabi_read_tp
0010a420 00000060 T encode_utf16
0010a480 000000fc T encode_utf8
0010a57c 00000120 T __udivmoddi4
0010a69c 00000078 T bsearch
0010a714 0000000c T __errno
0010a720 00000034 T exit
0010a754 0000003c T __libc_fini_array
0010a790 0000007c T __libc_init_array
0010a80c 00000028 T memalign
0010a834 00000148 T _memalign_r
0010a97c 00000020 T malloc
0010a99c 00000020 T free
0010a9bc 000007f0 T _malloc_r
0010b1ac 000000e0 T memchr
0010b28c 0000011c T memcpy
0010b3a8 00000118 T memset
0010b4c0 0000000c T __malloc_lock
0010b4cc 0000000c T __malloc_unlock
0010b4d8 00000034 T printf
0010b50c 00000260 T setvbuf
0010b76c 00000074 T sscanf
0010b7e0 00000044 T __sread
0010b824 00000008 T __seofread
0010b82c 00000068 T __swrite
0010b894 00000048 T __sseek
0010b8dc 00000008 T __sclose
0010b8e4 0000005c T strlen
0010b940 000000ec T strncat
0010ba2c 000000dc T strncmp
0010bb08 000000c0 T strncpy
0010bbc8 00000048 T strnlen
0010bc10 00000050 t get_arg
0010bc60 00002b68 T __ssvfscanf_r
0010e7c8 0000064c t get_arg
0010ee14 00000034 T __sprint_r
0010ee48 00002584 T _vfiprintf_r
001113cc 000000d4 t __sbprintf
001114a0 0000064c t get_arg
00111af0 000038d4 T _vfprintf_r
001153c4 000000d4 t __sbprintf
00115498 00000054 T _wcrtomb_r
001154ec 00000028 T _wcsrtombs_r
00115514 00000154 T __swsetup_r
00115668 00000114 T __call_exitprocs
0011577c 000001a8 t quorem
00115928 000012ec T _dtoa_r
00116c14 00000258 T __sflush_r
00116e6c 00000094 T _fflush_r
00116f00 0000000c T _cleanup_r
00116f0c 00000184 T __sinit
00117090 0000000c T __sfp_lock_acquire
0011709c 0000000c T __sfp_lock_release
001170a8 000000f8 T _malloc_trim_r
001171a0 000002e4 T _free_r
00117484 000004a4 T __sfvwrite_r
00117928 00000070 T _fwalk_reent
00117998 00000008 T iswspace
001179a0 0000000c T _localeconv_r
001179ac 00000010 T __locale_mb_cur_max
001179bc 00000138 T __smakebuf_r
00117af4 00000094 T __swhatbuf_r
00117b88 00000068 T _mbrtowc_r
00117bf0 000002fc T __utf8_mbtowc
00117eec 00000154 T memmove
00118040 00000088 T _Balloc
001180c8 0000001c T _Bfree
001180e4 000000f4 T __multadd
001181d8 00000110 T __s2b
001182e8 00000058 T __hi0bits
00118340 0000009c T __lo0bits
001183dc 000000a4 T __i2b
00118480 00000204 T __multiply
00118684 00000120 T __pow5mult
001187a4 0000013c T __lshift
001188e0 00000058 T __mcmp
00118938 000001cc T __mdiff
00118b04 00000088 T __ulp
00118b8c 000000d4 T __b2d
00118c60 0000012c T __d2b
00118d8c 00000078 T __ratio
00118e04 00000088 T __copybits
00118e8c 0000005c T __any_on
00118ee8 00000028 T realloc
00118f10 00000598 T _realloc_r
001194a8 000000e4 T __sccl
0011958c 0000000c T nanf
00119598 000000a8 T frexp
00119640 00000064 T sprintf
001196a4 000000b8 T stpncpy
0011975c 00000144 T strchr
001198a0 0000130c T _strtod_l
0011abac 0000000c T _strtod_r
0011abb8 0000022c t _strtoll_l.constprop.0
0011ade4 00000004 T _strtoll_r
0011ade8 000001b0 t _strtol_l.part.0
0011af98 0000003c T _strtol_r
0011afd4 00000244 t _strtoull_l.constprop.0
0011b218 00000004 T _strtoull_r
0011b21c 000001c8 t _strtoul_l.constprop.0
0011b3e4 00000004 T _strtoul_r
0011b3e8 00000188 T __ssprint_r
0011b570 000000e0 T _sungetc_r
0011b650 0000006c T __ssrefill_r
0011b6bc 000000c8 T _sfread_r
0011b784 0000064c t get_arg
0011bdd0 00003808 T _svfprintf_r
0011f5d8 000000a8 T __submore
0011f680 00000190 T _wcsnrtombs_l
0011f810 0000004c T _wcsnrtombs_r
0011f85c 000000f0 T __utf8_wctomb
0011f94c 0000005c T __assert_func
0011f9a8 00000094 T _calloc_r
0011fa3c 00000160 T _fclose_r
0011fb9c 0000003c T fiprintf
0011fbd8 000000ec t rshift
0011fcc4 00000928 T __gethex
001205ec 0000004c T __match
00120638 0000029c T __hexnan
001208d4 0000003c T iswspace_l
00120910 000001d4 t __jp2uc
00120ae4 0000009c T _jp2uc_l
00120b80 00000010 T nan
00120b90 00000014 T abort
00120ba4 00000084 T category
00120c28 00000098 T _raise_r
00120cc0 00000020 T raise
00120ce0 00000008 t null_write
00120ce8 00000018 T setDefaultDevice
00120d00 000000c8 T FindDevice
00120dc8 00000028 T RemoveDevice
00120df0 0000009c T AddDevice
00120e8c 00000020 T GetDeviceOpTab
00120eac 00000078 T _fstat_r
00120f24 00000014 T _getpid_r
00120f38 00000008 T _isatty_r
00120f40 00000014 T _kill_r
00120f54 00000084 T _lseek_r
00120fd8 00000080 T _read_r
00121058 00000078 T _sbrk_r
001210d0 00000080 T _write_r
00121150 00000024 T _exit
00121174 000001b8 T _concatenate_path
0012132c 00000160 T chdir
0012148c 00000008 T __flockfile
00121494 00000008 T __funlockfile
0012149c 00000018 T __libc_lock_acquire
001214b4 00000018 T __libc_lock_release
001214cc 00000018 T __libc_lock_init_recursive
001214e4 00000018 T __libc_lock_acquire_recursive
001214fc 00000018 T __libc_lock_release_recursive
00121514 00000018 T __libc_lock_close_recursive
0012152c 0000003c T __get_handle
00121568 000000f4 T _close_r
0012165c 00000028 T __getreent
00121684 00000038 T __aeabi_d2lz
00121684 00000038 T __fixdfdi
001216c0 00000040 T __aeabi_d2ulz
001216c0 00000040 T __fixunsdfdi
00121700 00000044 T strrchr
00121744 T _fini
00122194 00000030 r colorTable
001221c4 00000070 r dotab_stdout
00122258 00000008 r morton_x.3
00122260 00000008 r morton_y.2
00122268 00000008 r s_sleepWakeEvents.4
00122288 R default_font_bin
00122a88 R default_font_bin_end
00122ac0 00000070 r archive_devoptab
00122b30 00000030 r error_table
00122b68 00000004 R _global_impure_ptr
00122b74 00000022 r basefix.0
00122bc0 00000010 r blanks.1
00122bd0 00000010 r zeroes.0
00122bf4 00000010 r blanks.1
00122c04 00000010 r zeroes.0
00122c14 00000101 R _ctype_
00122d28 r .LC2
00122e08 00000028 R __mprec_bigtens
00122e30 000000c8 R __mprec_tens
00122ef8 0000000c r p05.0
00122f14 00000014 r fpi.1
00122f28 00000014 r fpinan.0
00122f40 00000028 r tinytens
00122f68 0000006c R __action_table
00122fd4 00000100 R __chclass
001230d4 0000006c R __state_table
00123140 00000010 r blanks.1
00123150 00000010 r zeroes.0
001231e8 00000100 R __hexdig
001232fc 000000bc r a1
001233b8 000000bc r a2
00123474 0000005b r a3
001234d0 00000070 r a6
00123540 000000a2 r a7
001235e4 00000040 r a8
00123624 0000172a r b02cf
00124d50 00001a7c r d02f4
001267cc 0000000c R _C_numeric_locale
001267d8 000031e6 r categories
001299c0 00000070 R dotab_stdnull
00129a30 r 
00129a30 R __exidx_end
00129a30 R __exidx_start
0012a000 00000004 D currentConsole
0012a004 0000004c D defaultConsole
0012a050 00000001 d firstConsoleInit.0
0012a054 00000004 d kCount
0012a058 00000004 d kDelay
0012a05c 00000004 d kInterval
0012a060 W __stacksize__
0012a064 00000004 D _impure_ptr
0012a068 00000460 d impure_data
0012a4c8 00000408 D __malloc_av_
0012a8d0 00000004 D __malloc_sbrk_base
0012a8d4 00000004 D __malloc_trim_threshold
0012a8d8 0000000c d __malloc_recursive_mutex
0012a8e4 0000000c D __atexit_recursive_mutex
0012a8f0 0000000c d __sfp_recursive_mutex
0012a8fc 0000000c d __sinit_recursive_mutex
0012a908 0000016c D __global_locale
0012aa74 00000002 d numempty
0012aa78 00000004 d defaultDevice
0012aa7c 0000008c D devoptab_list
0012ab08 00000400 d _current_working_directory
0012af08 00000004 d __hndl_lock
0012af0c 0000000c d __stderr_handle
0012af18 0000000c d __stdin_handle
0012af24 0000000c d __stdout_handle
0012af30 00001000 d handles
0012bf38 d _GLOBAL_OFFSET_TABLE_
0012bf44 d __frame_dummy_init_array_entry
0012bf44 D __init_array_start
0012bf44 B __preinit_array_end
0012bf44 B __preinit_array_start
0012bf44 D __tdata_lma
0012bf44 D __tdata_lma_end
0012bf48 d __do_global_dtors_aux_fini_array_entry
0012bf48 D __fini_array_start
0012bf48 D __init_array_end
0012bf4c D __bss_start__
0012bf4c D __fini_array_end
0012bf4c b completed.1
0012bf50 b object.0
0012bf68 0000004c B currentCopy
0012bfb4 00000004 b gfxBottomFramebufferMaxSize
0012bfb8 00000008 b gfxBottomFramebuffers
0012bfc0 00000002 b gfxCurBuf
0012bfc4 00000002 b gfxFramebufferFormats
0012bfc8 00000002 b gfxIsDoubleBuf
0012bfca 00000001 b gfxIsVram
0012bfcc 00000004 b gfxTopFramebufferMaxSize
0012bfd0 00000008 b gfxTopFramebuffers
0012bfd8 00000001 b gfxTopMode
0012bfdc 00000004 b screenAlloc
0012bfe0 00000004 b screenFree
0012bfe4 00000004 b gspEvent
0012bfe8 0000001c b gspEventCb
0012c004 0000001c b gspEventCbData
0012c020 00000007 b gspEventCbOneShot
0012c028 00000004 b gspEventThread
0012c02c 00000038 b gspEvents
0012c064 00000004 b gspGpuHandle
0012c068 00000001 b gspGpuRight
0012c06c 00000004 b gspLastEvent
0012c070 00000004 b gspRefCount
0012c074 00000001 b gspRunEvents
0012c078 00000004 b gspSharedMem
0012c07c 00000004 b gspSharedMemHandle
0012c080 00000001 b gspThreadId
0012c081 00000001 b aptChainloadFlags
0012c082 00000001 b aptChainloadMediatype
0012c088 00000008 b aptChainloadTid
0012c090 00000004 b aptEventHandlerThread
0012c094 00000001 b aptEventHandlerThreadQuit
0012c098 00000008 b aptEvents
0012c0a0 0000000c b aptFirstHook
0012c0ac 00000004 b aptFlags
0012c0b0 00000001 b aptHomeButtonState
0012c0b4 00000004 b aptLockHandle
0012c0b8 00000004 b aptMessageFunc
0012c0bc 00000004 b aptMessageFuncData
0012c0c0 00001000 b aptParameters
0012d0c0 00000008 b aptReceiveEvent
0012d0c8 00000004 b aptRefCount
0012d0cc 00000008 b aptSleepEvent
0012d0d4 00000001 b flagInit.1
0012d0d5 00000001 b flagValue.0
0012d0d8 00000004 b serviceName.6
0012d0dc 00000006 b aVec
0012d0e4 00000004 b cPos
0012d0e8 00000006 b gRate
0012d0f0 00000014 B hidEvents
0012d104 00000004 B hidHandle
0012d108 00000004 B hidMemHandle
0012d10c 00000004 b hidRefCount
0012d110 00000004 B hidSharedMem
0012d114 00000004 b kDown
0012d118 00000004 b kHeld
0012d11c 00000004 b kOld
0012d120 00000004 b kRepeat
0012d124 00000004 b kUp
0012d128 00000004 b tPos
0012d12c 00000001 b usingIrrst
0012d130 00000004 B __system_retAddr
0012d134 00000004 B __system_argc
0012d138 00000004 B __system_argv
0012d13c b saved_stack
0012d144 0000000c b sAddrMap
0012d150 00000008 b sVramPool
0012d158 00000008 b sLinearPool
0012d160 0000000c b sAddrMap
0012d16c 00000004 b arbiter
0012d170 00000001 V __ctru_speedup
0012d174 00000004 b srvHandle
0012d178 00000004 b srvRefCount
0012d17c 00000004 b currentAddr
0012d180 00000004 b maxAddr
0012d184 00000004 b minAddr
0012d188 00000004 b csPos
0012d18c 00000004 B irrstEvent
0012d190 00000004 B irrstHandle
0012d194 00000004 B irrstMemHandle
0012d198 00000004 b irrstRefCount
0012d19c 00000004 B irrstSharedMem
0012d1a0 00000004 b kHeld
0012d1a4 00000004 b srvPmHandle
0012d1a8 00000004 b ptmSysmHandle
0012d1ac 00000004 b ptmSysmRefCount
0012d1b0 00000004 B __ctru_heap
0012d1b4 00000004 V __ctru_heap_size
0012d1b8 00000004 B __ctru_linear_heap
0012d1bc 00000004 V __ctru_linear_heap_size
0012d1c0 00000004 b archive_device_cwd
0012d1c8 00000540 b archive_devices
0012d708 00000001 b archive_initialized
0012d710 00000080 b fsExemptArchives
0012d790 00000004 b fsuHandle
0012d794 00000004 b fsuRefCount
0012d798 00000028 B __malloc_current_mallinfo
0012d7c0 00000004 B __malloc_max_sbrked_mem
0012d7c4 00000004 B __malloc_max_total_mem
0012d7c8 00000004 B __malloc_top_pad
0012d7cc 00000004 b heap_start.0
0012d7d0 00000004 B fake_heap_end
0012d7d4 00000004 B fake_heap_start
0012d7d8 00000400 b temp_cwd
0012dbd8 00000048 B __syscalls
0012dc20 B __tls_start
0012e828 B __bss_end__
0012e828 A __end__
0012e828 B __tls_end
